<?xml version="1.0" encoding="UTF-8"?>
<!-- Generated by org.testng.reporters.JUnitReportReporter -->
<testsuite hostname="Krishna-PC" name="com.actitime.UserTest.UserTest" tests="1" failures="0" timestamp="2 Nov 2015 12:38:09 GMT" time="11.386" errors="0">
  <testcase name="createUserTest" time="11.386" classname="com.actitime.UserTest.UserTest"/>
</testsuite> <!-- com.actitime.UserTest.UserTest -->
